<?xml version="1.0" encoding="UTF-8"?>
<!-- Generated by org.testng.reporters.JUnitXMLReporter -->
<testsuite ignored="0" hostname="DESKTOP-725HS8N" failures="0" tests="20" name="Test" time="17.888" errors="0" timestamp="2025-08-01T12:49:38 IST">
  <testcase classname="testngapp.com.weblink.TestNGdemo" name="verifyPagetitle" time="10.294"/>
  <testcase classname="testngapp.com.weblink.TestNgfirst" name="test1" time="0.002"/>
  <testcase classname="testngapp.com.weblink.TestNgfirst" name="test2" time="0.001"/>
  <testcase classname="testngapp.com.weblink.Login_page" name="loginWithCorrectCredentials" time="0.81"/>
  <testcase classname="testngapp.com.weblink.Login_page" name="loginWithWrongEmail" time="0.255"/>
  <testcase classname="testngapp.com.weblink.Login_page" name="loginWithWrongPassword" time="0.232"/>
  <testcase classname="testngapp.com.weblink.annotationprogram2" name="test3" time="0.001"/>
  <testcase classname="testngapp.com.weblink.annotationprogram2" name="test4" time="0.001"/>
  <testcase classname="testngapp.com.weblink.CurrentTestClass2" name="test1" time="0.0"/>
  <testcase classname="testngapp.com.weblink.CurrentTestClass2" name="test2" time="0.0"/>
  <testcase classname="testngapp.com.weblink.CurrentTestClass1" name="test1" time="0.0"/>
  <testcase classname="testngapp.com.weblink.CurrentTestClass1" name="test2" time="0.001"/>
  <testcase classname="testngapp.com.weblink.Personal_loan" name="apibase_Personal_Loan" time="0.0"/>
  <testcase classname="testngapp.com.weblink.Personal_loan" name="apibase_private_loan" time="0.0"/>
  <testcase classname="testngapp.com.weblink.Personal_loan" name="mobilebase_Personal_Loan" time="0.0"/>
  <testcase classname="testngapp.com.weblink.Personal_loan" name="mobilebase_private_loan" time="0.0"/>
  <testcase classname="testngapp.com.weblink.Personal_loan" name="webbase_Personal_Loan" time="0.0"/>
  <testcase classname="testngapp.com.weblink.Personal_loan" name="webbase_private_loan" time="0.0"/>
  <testcase classname="testngapp.com.weblink.annotationsprogram" name="test1" time="0.0"/>
  <testcase classname="testngapp.com.weblink.annotationsprogram" name="test2" time="0.0"/>
</testsuite> <!-- Test -->
